<?xml version="1.0" encoding="UTF-8"?>
<testsuite name="com.dhk.tutorial.web.HelloControllerTest" tests="2" skipped="0" failures="0" errors="0" timestamp="2020-07-20T13:34:55" hostname="LAPTOP-79S2IK6R" time="0.323">
  <properties/>
  <testcase name="hello가_리턴된다" classname="com.dhk.tutorial.web.HelloControllerTest" time="0.193"/>
  <testcase name="helloDto가_리턴된다" classname="com.dhk.tutorial.web.HelloControllerTest" time="0.13"/>
  <system-out><![CDATA[2020-07-20 22:34:52.696  INFO 13708 --- [    Test worker] .b.t.a.w.s.WebMvcTestContextBootstrapper : Neither @ContextConfiguration nor @ContextHierarchy found for test class [com.dhk.tutorial.web.HelloControllerTest], using SpringBootContextLoader
2020-07-20 22:34:52.700  INFO 13708 --- [    Test worker] o.s.t.c.support.AbstractContextLoader    : Could not detect default resource locations for test class [com.dhk.tutorial.web.HelloControllerTest]: no resource found for suffixes {-context.xml, Context.groovy}.
2020-07-20 22:34:52.701  INFO 13708 --- [    Test worker] t.c.s.AnnotationConfigContextLoaderUtils : Could not detect default configuration classes for test class [com.dhk.tutorial.web.HelloControllerTest]: HelloControllerTest does not declare any static, non-private, non-final, nested classes annotated with @Configuration.
2020-07-20 22:34:52.728  INFO 13708 --- [    Test worker] .b.t.c.SpringBootTestContextBootstrapper : Found @SpringBootConfiguration com.dhk.tutorial.Application for test class com.dhk.tutorial.web.HelloControllerTest
2020-07-20 22:34:52.738  INFO 13708 --- [    Test worker] .b.t.a.w.s.WebMvcTestContextBootstrapper : Loaded default TestExecutionListener class names from location [META-INF/spring.factories]: [org.springframework.security.test.context.support.WithSecurityContextTestExecutionListener, org.springframework.security.test.context.support.ReactorContextTestExecutionListener, org.springframework.boot.test.autoconfigure.restdocs.RestDocsTestExecutionListener, org.springframework.boot.test.autoconfigure.web.client.MockRestServiceServerResetTestExecutionListener, org.springframework.boot.test.autoconfigure.web.servlet.MockMvcPrintOnlyOnFailureTestExecutionListener, org.springframework.boot.test.autoconfigure.web.servlet.WebDriverTestExecutionListener, org.springframework.boot.test.mock.mockito.MockitoTestExecutionListener, org.springframework.boot.test.mock.mockito.ResetMocksTestExecutionListener, org.springframework.test.context.web.ServletTestExecutionListener, org.springframework.test.context.support.DirtiesContextBeforeModesTestExecutionListener, org.springframework.test.context.support.DependencyInjectionTestExecutionListener, org.springframework.test.context.support.DirtiesContextTestExecutionListener, org.springframework.test.context.transaction.TransactionalTestExecutionListener, org.springframework.test.context.jdbc.SqlScriptsTestExecutionListener]
2020-07-20 22:34:52.740  INFO 13708 --- [    Test worker] .b.t.a.w.s.WebMvcTestContextBootstrapper : Using TestExecutionListeners: [org.springframework.test.context.web.ServletTestExecutionListener@6f9353d3, org.springframework.test.context.support.DirtiesContextBeforeModesTestExecutionListener@397e2040, org.springframework.boot.test.mock.mockito.MockitoTestExecutionListener@7b1259f5, org.springframework.boot.test.autoconfigure.SpringBootDependencyInjectionTestExecutionListener@15383d9e, org.springframework.test.context.support.DirtiesContextTestExecutionListener@6040f921, org.springframework.test.context.transaction.TransactionalTestExecutionListener@28f4a949, org.springframework.test.context.jdbc.SqlScriptsTestExecutionListener@41c09053, org.springframework.security.test.context.support.WithSecurityContextTestExecutionListener@15c08138, org.springframework.security.test.context.support.ReactorContextTestExecutionListener@722eeb50, org.springframework.boot.test.autoconfigure.restdocs.RestDocsTestExecutionListener@7f9daabd, org.springframework.boot.test.autoconfigure.web.client.MockRestServiceServerResetTestExecutionListener@3a9aff15, org.springframework.boot.test.autoconfigure.web.servlet.MockMvcPrintOnlyOnFailureTestExecutionListener@2bc2603f, org.springframework.boot.test.autoconfigure.web.servlet.WebDriverTestExecutionListener@2e337a7c, org.springframework.boot.test.mock.mockito.ResetMocksTestExecutionListener@3ce9e545]

  .   ____          _            __ _ _
 /\\ / ___'_ __ _ _(_)_ __  __ _ \ \ \ \
( ( )\___ | '_ | '_| | '_ \/ _` | \ \ \ \
 \\/  ___)| |_)| | | | | || (_| |  ) ) ) )
  '  |____| .__|_| |_|_| |_\__, | / / / /
 =========|_|==============|___/=/_/_/_/
 :: Spring Boot ::        (v2.1.7.RELEASE)

2020-07-20 22:34:52.800  INFO 13708 --- [    Test worker] c.dhk.tutorial.web.HelloControllerTest   : Starting HelloControllerTest on LAPTOP-79S2IK6R with PID 13708 (started by bkuek in D:\springboot-webservice2)
2020-07-20 22:34:52.800  INFO 13708 --- [    Test worker] c.dhk.tutorial.web.HelloControllerTest   : The following profiles are active: oauth
2020-07-20 22:34:53.854  INFO 13708 --- [    Test worker] o.s.s.concurrent.ThreadPoolTaskExecutor  : Initializing ExecutorService 'applicationTaskExecutor'
2020-07-20 22:34:53.956  INFO 13708 --- [    Test worker] o.s.b.a.w.s.WelcomePageHandlerMapping    : Adding welcome page template: index
2020-07-20 22:34:54.316  INFO 13708 --- [    Test worker] .s.s.UserDetailsServiceAutoConfiguration : 

Using generated security password: 806e8976-826d-4b90-bfdd-5e03c7383a12

2020-07-20 22:34:54.675  INFO 13708 --- [    Test worker] o.s.s.web.DefaultSecurityFilterChain     : Creating filter chain: any request, [org.springframework.security.web.context.request.async.WebAsyncManagerIntegrationFilter@4d21a913, org.springframework.security.web.context.SecurityContextPersistenceFilter@191fd3cc, org.springframework.security.web.header.HeaderWriterFilter@434d368f, org.springframework.security.web.csrf.CsrfFilter@7c82bd0c, org.springframework.security.web.authentication.logout.LogoutFilter@4b6d4523, org.springframework.security.web.authentication.UsernamePasswordAuthenticationFilter@2afa4b7f, org.springframework.security.web.authentication.ui.DefaultLoginPageGeneratingFilter@77b367c0, org.springframework.security.web.authentication.ui.DefaultLogoutPageGeneratingFilter@145b0dd4, org.springframework.security.web.authentication.www.BasicAuthenticationFilter@6f4a98f6, org.springframework.security.web.savedrequest.RequestCacheAwareFilter@3b9e35d, org.springframework.security.web.servletapi.SecurityContextHolderAwareRequestFilter@29ea54eb, org.springframework.security.web.authentication.AnonymousAuthenticationFilter@2f6dba81, org.springframework.security.web.session.SessionManagementFilter@2ace9937, org.springframework.security.web.access.ExceptionTranslationFilter@118177ad, org.springframework.security.web.access.intercept.FilterSecurityInterceptor@1911e029]
2020-07-20 22:34:54.797  INFO 13708 --- [    Test worker] o.s.b.t.m.w.SpringBootMockServletContext : Initializing Spring TestDispatcherServlet ''
2020-07-20 22:34:54.798  INFO 13708 --- [    Test worker] o.s.t.web.servlet.TestDispatcherServlet  : Initializing Servlet ''
2020-07-20 22:34:54.813  INFO 13708 --- [    Test worker] o.s.t.web.servlet.TestDispatcherServlet  : Completed initialization in 15 ms
2020-07-20 22:34:55.073  INFO 13708 --- [    Test worker] c.dhk.tutorial.web.HelloControllerTest   : Started HelloControllerTest in 2.328 seconds (JVM running for 16.091)
]]></system-out>
  <system-err><![CDATA[]]></system-err>
</testsuite>
