<?xml version="1.0" encoding="UTF-8"?>
<testsuite name="com.dhk.tutorial.domain.PostRepositoryTest" tests="2" skipped="0" failures="0" errors="0" timestamp="2020-07-14T07:52:52" hostname="LAPTOP-79S2IK6R" time="0.455">
  <properties/>
  <testcase name="게시글저장_불러오기" classname="com.dhk.tutorial.domain.PostRepositoryTest" time="0.413"/>
  <testcase name="BaseTimeEntity_등록" classname="com.dhk.tutorial.domain.PostRepositoryTest" time="0.04"/>
  <system-out><![CDATA[16:52:43.798 [Test worker] DEBUG org.springframework.test.context.junit4.SpringJUnit4ClassRunner - SpringJUnit4ClassRunner constructor called with [class com.dhk.tutorial.domain.PostRepositoryTest]
16:52:43.809 [Test worker] DEBUG org.springframework.test.context.BootstrapUtils - Instantiating CacheAwareContextLoaderDelegate from class [org.springframework.test.context.cache.DefaultCacheAwareContextLoaderDelegate]
16:52:43.819 [Test worker] DEBUG org.springframework.test.context.BootstrapUtils - Instantiating BootstrapContext using constructor [public org.springframework.test.context.support.DefaultBootstrapContext(java.lang.Class,org.springframework.test.context.CacheAwareContextLoaderDelegate)]
16:52:43.844 [Test worker] DEBUG org.springframework.test.context.BootstrapUtils - Instantiating TestContextBootstrapper for test class [com.dhk.tutorial.domain.PostRepositoryTest] from class [org.springframework.boot.test.context.SpringBootTestContextBootstrapper]
16:52:43.867 [Test worker] INFO org.springframework.boot.test.context.SpringBootTestContextBootstrapper - Neither @ContextConfiguration nor @ContextHierarchy found for test class [com.dhk.tutorial.domain.PostRepositoryTest], using SpringBootContextLoader
16:52:43.873 [Test worker] DEBUG org.springframework.test.context.support.AbstractContextLoader - Did not detect default resource location for test class [com.dhk.tutorial.domain.PostRepositoryTest]: class path resource [com/dhk/tutorial/domain/PostRepositoryTest-context.xml] does not exist
16:52:43.874 [Test worker] DEBUG org.springframework.test.context.support.AbstractContextLoader - Did not detect default resource location for test class [com.dhk.tutorial.domain.PostRepositoryTest]: class path resource [com/dhk/tutorial/domain/PostRepositoryTestContext.groovy] does not exist
16:52:43.874 [Test worker] INFO org.springframework.test.context.support.AbstractContextLoader - Could not detect default resource locations for test class [com.dhk.tutorial.domain.PostRepositoryTest]: no resource found for suffixes {-context.xml, Context.groovy}.
16:52:43.876 [Test worker] INFO org.springframework.test.context.support.AnnotationConfigContextLoaderUtils - Could not detect default configuration classes for test class [com.dhk.tutorial.domain.PostRepositoryTest]: PostRepositoryTest does not declare any static, non-private, non-final, nested classes annotated with @Configuration.
16:52:43.930 [Test worker] DEBUG org.springframework.test.context.support.ActiveProfilesUtils - Could not find an 'annotation declaring class' for annotation type [org.springframework.test.context.ActiveProfiles] and class [com.dhk.tutorial.domain.PostRepositoryTest]
16:52:44.081 [Test worker] DEBUG org.springframework.context.annotation.ClassPathScanningCandidateComponentProvider - Identified candidate component class: file [D:\springboot-webservice2\build\classes\java\main\com\dhk\tutorial\Application.class]
16:52:44.083 [Test worker] INFO org.springframework.boot.test.context.SpringBootTestContextBootstrapper - Found @SpringBootConfiguration com.dhk.tutorial.Application for test class com.dhk.tutorial.domain.PostRepositoryTest
16:52:44.259 [Test worker] DEBUG org.springframework.boot.test.context.SpringBootTestContextBootstrapper - @TestExecutionListeners is not present for class [com.dhk.tutorial.domain.PostRepositoryTest]: using defaults.
16:52:44.268 [Test worker] INFO org.springframework.boot.test.context.SpringBootTestContextBootstrapper - Loaded default TestExecutionListener class names from location [META-INF/spring.factories]: [org.springframework.boot.test.autoconfigure.restdocs.RestDocsTestExecutionListener, org.springframework.boot.test.autoconfigure.web.client.MockRestServiceServerResetTestExecutionListener, org.springframework.boot.test.autoconfigure.web.servlet.MockMvcPrintOnlyOnFailureTestExecutionListener, org.springframework.boot.test.autoconfigure.web.servlet.WebDriverTestExecutionListener, org.springframework.boot.test.mock.mockito.MockitoTestExecutionListener, org.springframework.boot.test.mock.mockito.ResetMocksTestExecutionListener, org.springframework.test.context.web.ServletTestExecutionListener, org.springframework.test.context.support.DirtiesContextBeforeModesTestExecutionListener, org.springframework.test.context.support.DependencyInjectionTestExecutionListener, org.springframework.test.context.support.DirtiesContextTestExecutionListener, org.springframework.test.context.transaction.TransactionalTestExecutionListener, org.springframework.test.context.jdbc.SqlScriptsTestExecutionListener]
16:52:44.300 [Test worker] INFO org.springframework.boot.test.context.SpringBootTestContextBootstrapper - Using TestExecutionListeners: [org.springframework.test.context.web.ServletTestExecutionListener@3365fba, org.springframework.test.context.support.DirtiesContextBeforeModesTestExecutionListener@651ca928, org.springframework.boot.test.mock.mockito.MockitoTestExecutionListener@7a5ae7aa, org.springframework.boot.test.autoconfigure.SpringBootDependencyInjectionTestExecutionListener@3bb54904, org.springframework.test.context.support.DirtiesContextTestExecutionListener@acf1a47, org.springframework.test.context.transaction.TransactionalTestExecutionListener@a9aa7df, org.springframework.test.context.jdbc.SqlScriptsTestExecutionListener@27d07691, org.springframework.boot.test.autoconfigure.restdocs.RestDocsTestExecutionListener@363ce606, org.springframework.boot.test.autoconfigure.web.client.MockRestServiceServerResetTestExecutionListener@4453dfa4, org.springframework.boot.test.autoconfigure.web.servlet.MockMvcPrintOnlyOnFailureTestExecutionListener@1b282cae, org.springframework.boot.test.autoconfigure.web.servlet.WebDriverTestExecutionListener@3fe8a5a4, org.springframework.boot.test.mock.mockito.ResetMocksTestExecutionListener@6e357889]
16:52:44.328 [Test worker] DEBUG org.springframework.test.annotation.ProfileValueUtils - Retrieved @ProfileValueSourceConfiguration [null] for test class [com.dhk.tutorial.domain.PostRepositoryTest]
16:52:44.333 [Test worker] DEBUG org.springframework.test.annotation.ProfileValueUtils - Retrieved ProfileValueSource type [class org.springframework.test.annotation.SystemProfileValueSource] for class [com.dhk.tutorial.domain.PostRepositoryTest]
16:52:44.339 [Test worker] DEBUG org.springframework.test.annotation.ProfileValueUtils - Retrieved @ProfileValueSourceConfiguration [null] for test class [com.dhk.tutorial.domain.PostRepositoryTest]
16:52:44.340 [Test worker] DEBUG org.springframework.test.annotation.ProfileValueUtils - Retrieved ProfileValueSource type [class org.springframework.test.annotation.SystemProfileValueSource] for class [com.dhk.tutorial.domain.PostRepositoryTest]
16:52:44.342 [Test worker] DEBUG org.springframework.test.annotation.ProfileValueUtils - Retrieved @ProfileValueSourceConfiguration [null] for test class [com.dhk.tutorial.domain.PostRepositoryTest]
16:52:44.342 [Test worker] DEBUG org.springframework.test.annotation.ProfileValueUtils - Retrieved ProfileValueSource type [class org.springframework.test.annotation.SystemProfileValueSource] for class [com.dhk.tutorial.domain.PostRepositoryTest]
16:52:44.347 [Test worker] DEBUG org.springframework.test.context.support.AbstractDirtiesContextTestExecutionListener - Before test class: context [DefaultTestContext@1acd12ba testClass = PostRepositoryTest, testInstance = [null], testMethod = [null], testException = [null], mergedContextConfiguration = [WebMergedContextConfiguration@599bafe9 testClass = PostRepositoryTest, locations = '{}', classes = '{class com.dhk.tutorial.Application}', contextInitializerClasses = '[]', activeProfiles = '{}', propertySourceLocations = '{}', propertySourceProperties = '{org.springframework.boot.test.context.SpringBootTestContextBootstrapper=true}', contextCustomizers = set[org.springframework.boot.test.autoconfigure.properties.PropertyMappingContextCustomizer@0, org.springframework.boot.test.autoconfigure.web.servlet.WebDriverContextCustomizerFactory$Customizer@3965a6ab, org.springframework.boot.test.context.filter.ExcludeFilterContextCustomizer@39570b65, org.springframework.boot.test.json.DuplicateJsonObjectContextCustomizerFactory$DuplicateJsonObjectContextCustomizer@268501c, org.springframework.boot.test.mock.mockito.MockitoContextCustomizer@0, org.springframework.boot.test.web.client.TestRestTemplateContextCustomizer@438b08ca], resourceBasePath = 'src/main/webapp', contextLoader = 'org.springframework.boot.test.context.SpringBootContextLoader', parent = [null]], attributes = map['org.springframework.test.context.web.ServletTestExecutionListener.activateListener' -> true]], class annotated with @DirtiesContext [false] with mode [null].
16:52:44.348 [Test worker] DEBUG org.springframework.test.annotation.ProfileValueUtils - Retrieved @ProfileValueSourceConfiguration [null] for test class [com.dhk.tutorial.domain.PostRepositoryTest]
16:52:44.348 [Test worker] DEBUG org.springframework.test.annotation.ProfileValueUtils - Retrieved ProfileValueSource type [class org.springframework.test.annotation.SystemProfileValueSource] for class [com.dhk.tutorial.domain.PostRepositoryTest]
16:52:44.384 [Test worker] DEBUG org.springframework.test.context.support.TestPropertySourceUtils - Adding inlined properties to environment: {spring.jmx.enabled=false, org.springframework.boot.test.context.SpringBootTestContextBootstrapper=true, server.port=-1}

  .   ____          _            __ _ _
 /\\ / ___'_ __ _ _(_)_ __  __ _ \ \ \ \
( ( )\___ | '_ | '_| | '_ \/ _` | \ \ \ \
 \\/  ___)| |_)| | | | | || (_| |  ) ) ) )
  '  |____| .__|_| |_|_| |_\__, | / / / /
 =========|_|==============|___/=/_/_/_/
 :: Spring Boot ::        (v2.1.7.RELEASE)

2020-07-14 16:52:44.891  INFO 16104 --- [    Test worker] c.d.tutorial.domain.PostRepositoryTest   : Starting PostRepositoryTest on LAPTOP-79S2IK6R with PID 16104 (started by bkuek in D:\springboot-webservice2)
2020-07-14 16:52:44.892  INFO 16104 --- [    Test worker] c.d.tutorial.domain.PostRepositoryTest   : No active profile set, falling back to default profiles: default
2020-07-14 16:52:46.480  INFO 16104 --- [    Test worker] .s.d.r.c.RepositoryConfigurationDelegate : Bootstrapping Spring Data repositories in DEFAULT mode.
2020-07-14 16:52:46.602  INFO 16104 --- [    Test worker] .s.d.r.c.RepositoryConfigurationDelegate : Finished Spring Data repository scanning in 107ms. Found 1 repository interfaces.
2020-07-14 16:52:47.225  INFO 16104 --- [    Test worker] trationDelegate$BeanPostProcessorChecker : Bean 'org.springframework.transaction.annotation.ProxyTransactionManagementConfiguration' of type [org.springframework.transaction.annotation.ProxyTransactionManagementConfiguration$$EnhancerBySpringCGLIB$$c9eaa32c] is not eligible for getting processed by all BeanPostProcessors (for example: not eligible for auto-proxying)
2020-07-14 16:52:47.559  INFO 16104 --- [    Test worker] com.zaxxer.hikari.HikariDataSource       : HikariPool-1 - Starting...
2020-07-14 16:52:47.775  INFO 16104 --- [    Test worker] com.zaxxer.hikari.HikariDataSource       : HikariPool-1 - Start completed.
2020-07-14 16:52:47.988  INFO 16104 --- [    Test worker] o.hibernate.jpa.internal.util.LogHelper  : HHH000204: Processing PersistenceUnitInfo [
	name: default
	...]
2020-07-14 16:52:48.132  INFO 16104 --- [    Test worker] org.hibernate.Version                    : HHH000412: Hibernate Core {5.3.10.Final}
2020-07-14 16:52:48.136  INFO 16104 --- [    Test worker] org.hibernate.cfg.Environment            : HHH000206: hibernate.properties not found
2020-07-14 16:52:48.412  INFO 16104 --- [    Test worker] o.hibernate.annotations.common.Version   : HCANN000001: Hibernate Commons Annotations {5.0.4.Final}
2020-07-14 16:52:48.683  INFO 16104 --- [    Test worker] org.hibernate.dialect.Dialect            : HHH000400: Using dialect: org.hibernate.dialect.H2Dialect
Hibernate: drop table posts if exists
Hibernate: create table posts (id bigint generated by default as identity, created_date timestamp, modified_date timestamp, author varchar(255), content TEXT not null, title varchar(500) not null, primary key (id))
2020-07-14 16:52:49.840  INFO 16104 --- [    Test worker] o.h.t.schema.internal.SchemaCreatorImpl  : HHH000476: Executing import script 'org.hibernate.tool.schema.internal.exec.ScriptSourceInputNonExistentImpl@4772c31d'
2020-07-14 16:52:49.847  INFO 16104 --- [    Test worker] j.LocalContainerEntityManagerFactoryBean : Initialized JPA EntityManagerFactory for persistence unit 'default'
2020-07-14 16:52:50.313  INFO 16104 --- [    Test worker] o.h.h.i.QueryTranslatorFactoryInitiator  : HHH000397: Using ASTQueryTranslatorFactory
2020-07-14 16:52:51.589  INFO 16104 --- [    Test worker] o.s.s.concurrent.ThreadPoolTaskExecutor  : Initializing ExecutorService 'applicationTaskExecutor'
2020-07-14 16:52:51.675  WARN 16104 --- [    Test worker] aWebConfiguration$JpaWebMvcConfiguration : spring.jpa.open-in-view is enabled by default. Therefore, database queries may be performed during view rendering. Explicitly configure spring.jpa.open-in-view to disable this warning
2020-07-14 16:52:51.746  INFO 16104 --- [    Test worker] o.s.b.a.w.s.WelcomePageHandlerMapping    : Adding welcome page template: index
2020-07-14 16:52:52.255  INFO 16104 --- [    Test worker] c.d.tutorial.domain.PostRepositoryTest   : Started PostRepositoryTest in 7.856 seconds (JVM running for 11.26)
Hibernate: insert into posts (id, created_date, modified_date, author, content, title) values (null, ?, ?, ?, ?, ?)
Hibernate: select posts0_.id as id1_0_, posts0_.created_date as created_2_0_, posts0_.modified_date as modified3_0_, posts0_.author as author4_0_, posts0_.content as content5_0_, posts0_.title as title6_0_ from posts posts0_
Hibernate: select posts0_.id as id1_0_, posts0_.created_date as created_2_0_, posts0_.modified_date as modified3_0_, posts0_.author as author4_0_, posts0_.content as content5_0_, posts0_.title as title6_0_ from posts posts0_
Hibernate: delete from posts where id=?
Hibernate: insert into posts (id, created_date, modified_date, author, content, title) values (null, ?, ?, ?, ?, ?)
Hibernate: select posts0_.id as id1_0_, posts0_.created_date as created_2_0_, posts0_.modified_date as modified3_0_, posts0_.author as author4_0_, posts0_.content as content5_0_, posts0_.title as title6_0_ from posts posts0_
>>>>>> createDate=2020-07-14T16:52:52.712957, modifiedDate=2020-07-14T16:52:52.712957
Hibernate: select posts0_.id as id1_0_, posts0_.created_date as created_2_0_, posts0_.modified_date as modified3_0_, posts0_.author as author4_0_, posts0_.content as content5_0_, posts0_.title as title6_0_ from posts posts0_
Hibernate: delete from posts where id=?
]]></system-out>
  <system-err><![CDATA[]]></system-err>
</testsuite>
