<?xml version="1.0" encoding="UTF-8"?>
<testsuite name="com.dhk.tutorial.web.IndexControllerTest" tests="1" skipped="0" failures="0" errors="0" timestamp="2020-07-14T15:16:11" hostname="LAPTOP-79S2IK6R" time="0.228">
  <properties/>
  <testcase name="메인페이지_로딩" classname="com.dhk.tutorial.web.IndexControllerTest" time="0.228"/>
  <system-out><![CDATA[2020-07-15 00:16:11.631  INFO 456 --- [    Test worker] .b.t.c.SpringBootTestContextBootstrapper : Neither @ContextConfiguration nor @ContextHierarchy found for test class [com.dhk.tutorial.web.IndexControllerTest], using SpringBootContextLoader
2020-07-15 00:16:11.632  INFO 456 --- [    Test worker] o.s.t.c.support.AbstractContextLoader    : Could not detect default resource locations for test class [com.dhk.tutorial.web.IndexControllerTest]: no resource found for suffixes {-context.xml, Context.groovy}.
2020-07-15 00:16:11.633  INFO 456 --- [    Test worker] t.c.s.AnnotationConfigContextLoaderUtils : Could not detect default configuration classes for test class [com.dhk.tutorial.web.IndexControllerTest]: IndexControllerTest does not declare any static, non-private, non-final, nested classes annotated with @Configuration.
2020-07-15 00:16:11.635  INFO 456 --- [    Test worker] .b.t.c.SpringBootTestContextBootstrapper : Found @SpringBootConfiguration com.dhk.tutorial.Application for test class com.dhk.tutorial.web.IndexControllerTest
2020-07-15 00:16:11.638  INFO 456 --- [    Test worker] .b.t.c.SpringBootTestContextBootstrapper : Loaded default TestExecutionListener class names from location [META-INF/spring.factories]: [org.springframework.security.test.context.support.WithSecurityContextTestExecutionListener, org.springframework.security.test.context.support.ReactorContextTestExecutionListener, org.springframework.boot.test.autoconfigure.restdocs.RestDocsTestExecutionListener, org.springframework.boot.test.autoconfigure.web.client.MockRestServiceServerResetTestExecutionListener, org.springframework.boot.test.autoconfigure.web.servlet.MockMvcPrintOnlyOnFailureTestExecutionListener, org.springframework.boot.test.autoconfigure.web.servlet.WebDriverTestExecutionListener, org.springframework.boot.test.mock.mockito.MockitoTestExecutionListener, org.springframework.boot.test.mock.mockito.ResetMocksTestExecutionListener, org.springframework.test.context.web.ServletTestExecutionListener, org.springframework.test.context.support.DirtiesContextBeforeModesTestExecutionListener, org.springframework.test.context.support.DependencyInjectionTestExecutionListener, org.springframework.test.context.support.DirtiesContextTestExecutionListener, org.springframework.test.context.transaction.TransactionalTestExecutionListener, org.springframework.test.context.jdbc.SqlScriptsTestExecutionListener]
2020-07-15 00:16:11.640  INFO 456 --- [    Test worker] .b.t.c.SpringBootTestContextBootstrapper : Using TestExecutionListeners: [org.springframework.test.context.web.ServletTestExecutionListener@382889bb, org.springframework.test.context.support.DirtiesContextBeforeModesTestExecutionListener@5cc0b613, org.springframework.boot.test.mock.mockito.MockitoTestExecutionListener@5e45f431, org.springframework.boot.test.autoconfigure.SpringBootDependencyInjectionTestExecutionListener@7d4a0c04, org.springframework.test.context.support.DirtiesContextTestExecutionListener@1532747, org.springframework.test.context.transaction.TransactionalTestExecutionListener@587a6950, org.springframework.test.context.jdbc.SqlScriptsTestExecutionListener@296fea12, org.springframework.security.test.context.support.WithSecurityContextTestExecutionListener@4e8e917, org.springframework.security.test.context.support.ReactorContextTestExecutionListener@1c998fd2, org.springframework.boot.test.autoconfigure.restdocs.RestDocsTestExecutionListener@17a245f8, org.springframework.boot.test.autoconfigure.web.client.MockRestServiceServerResetTestExecutionListener@41cb1264, org.springframework.boot.test.autoconfigure.web.servlet.MockMvcPrintOnlyOnFailureTestExecutionListener@2a8fb1b, org.springframework.boot.test.autoconfigure.web.servlet.WebDriverTestExecutionListener@521f0383, org.springframework.boot.test.mock.mockito.ResetMocksTestExecutionListener@571701bd]
2020-07-15 00:16:11.768  INFO 456 --- [-auto-1-exec-10] o.a.c.c.C.[Tomcat].[localhost].[/]       : Initializing Spring DispatcherServlet 'dispatcherServlet'
2020-07-15 00:16:11.769  INFO 456 --- [-auto-1-exec-10] o.s.web.servlet.DispatcherServlet        : Initializing Servlet 'dispatcherServlet'
2020-07-15 00:16:11.779  INFO 456 --- [-auto-1-exec-10] o.s.web.servlet.DispatcherServlet        : Completed initialization in 10 ms
Hibernate: select posts0_.id as id1_0_, posts0_.created_date as created_2_0_, posts0_.modified_date as modified3_0_, posts0_.author as author4_0_, posts0_.content as content5_0_, posts0_.title as title6_0_ from posts posts0_ order by posts0_.id DESC
]]></system-out>
  <system-err><![CDATA[]]></system-err>
</testsuite>
