<?xml version="1.0" encoding="UTF-8"?>
<testsuite name="com.dhk.tutorial.web.HelloControllerTest" tests="2" skipped="0" failures="0" errors="0" timestamp="2020-07-14T15:16:11" hostname="LAPTOP-79S2IK6R" time="0.059">
  <properties/>
  <testcase name="hello가_리턴된다" classname="com.dhk.tutorial.web.HelloControllerTest" time="0.023"/>
  <testcase name="helloDto가_리턴된다" classname="com.dhk.tutorial.web.HelloControllerTest" time="0.036"/>
  <system-out><![CDATA[2020-07-15 00:16:10.503  INFO 456 --- [    Test worker] .b.t.a.w.s.WebMvcTestContextBootstrapper : Neither @ContextConfiguration nor @ContextHierarchy found for test class [com.dhk.tutorial.web.HelloControllerTest], using SpringBootContextLoader
2020-07-15 00:16:10.504  INFO 456 --- [    Test worker] o.s.t.c.support.AbstractContextLoader    : Could not detect default resource locations for test class [com.dhk.tutorial.web.HelloControllerTest]: no resource found for suffixes {-context.xml, Context.groovy}.
2020-07-15 00:16:10.505  INFO 456 --- [    Test worker] t.c.s.AnnotationConfigContextLoaderUtils : Could not detect default configuration classes for test class [com.dhk.tutorial.web.HelloControllerTest]: HelloControllerTest does not declare any static, non-private, non-final, nested classes annotated with @Configuration.
2020-07-15 00:16:10.528  INFO 456 --- [    Test worker] .b.t.c.SpringBootTestContextBootstrapper : Found @SpringBootConfiguration com.dhk.tutorial.Application for test class com.dhk.tutorial.web.HelloControllerTest
2020-07-15 00:16:10.528  INFO 456 --- [    Test worker] .b.t.a.w.s.WebMvcTestContextBootstrapper : Loaded default TestExecutionListener class names from location [META-INF/spring.factories]: [org.springframework.security.test.context.support.WithSecurityContextTestExecutionListener, org.springframework.security.test.context.support.ReactorContextTestExecutionListener, org.springframework.boot.test.autoconfigure.restdocs.RestDocsTestExecutionListener, org.springframework.boot.test.autoconfigure.web.client.MockRestServiceServerResetTestExecutionListener, org.springframework.boot.test.autoconfigure.web.servlet.MockMvcPrintOnlyOnFailureTestExecutionListener, org.springframework.boot.test.autoconfigure.web.servlet.WebDriverTestExecutionListener, org.springframework.boot.test.mock.mockito.MockitoTestExecutionListener, org.springframework.boot.test.mock.mockito.ResetMocksTestExecutionListener, org.springframework.test.context.web.ServletTestExecutionListener, org.springframework.test.context.support.DirtiesContextBeforeModesTestExecutionListener, org.springframework.test.context.support.DependencyInjectionTestExecutionListener, org.springframework.test.context.support.DirtiesContextTestExecutionListener, org.springframework.test.context.transaction.TransactionalTestExecutionListener, org.springframework.test.context.jdbc.SqlScriptsTestExecutionListener]
2020-07-15 00:16:10.529  INFO 456 --- [    Test worker] .b.t.a.w.s.WebMvcTestContextBootstrapper : Using TestExecutionListeners: [org.springframework.test.context.web.ServletTestExecutionListener@6cfc8d15, org.springframework.test.context.support.DirtiesContextBeforeModesTestExecutionListener@56806048, org.springframework.boot.test.mock.mockito.MockitoTestExecutionListener@6bf2b9c5, org.springframework.boot.test.autoconfigure.SpringBootDependencyInjectionTestExecutionListener@b113bb1, org.springframework.test.context.support.DirtiesContextTestExecutionListener@30d8be3, org.springframework.test.context.transaction.TransactionalTestExecutionListener@565a39ea, org.springframework.test.context.jdbc.SqlScriptsTestExecutionListener@28989e75, org.springframework.security.test.context.support.WithSecurityContextTestExecutionListener@2ad6f464, org.springframework.security.test.context.support.ReactorContextTestExecutionListener@456b304e, org.springframework.boot.test.autoconfigure.restdocs.RestDocsTestExecutionListener@4279d460, org.springframework.boot.test.autoconfigure.web.client.MockRestServiceServerResetTestExecutionListener@2e7e816c, org.springframework.boot.test.autoconfigure.web.servlet.MockMvcPrintOnlyOnFailureTestExecutionListener@33962513, org.springframework.boot.test.autoconfigure.web.servlet.WebDriverTestExecutionListener@2fe39a6f, org.springframework.boot.test.mock.mockito.ResetMocksTestExecutionListener@23b59127]

  .   ____          _            __ _ _
 /\\ / ___'_ __ _ _(_)_ __  __ _ \ \ \ \
( ( )\___ | '_ | '_| | '_ \/ _` | \ \ \ \
 \\/  ___)| |_)| | | | | || (_| |  ) ) ) )
  '  |____| .__|_| |_|_| |_\__, | / / / /
 =========|_|==============|___/=/_/_/_/
 :: Spring Boot ::        (v2.1.7.RELEASE)

2020-07-15 00:16:10.571  INFO 456 --- [    Test worker] c.dhk.tutorial.web.HelloControllerTest   : Starting HelloControllerTest on LAPTOP-79S2IK6R with PID 456 (started by bkuek in D:\springboot-webservice2)
2020-07-15 00:16:10.571  INFO 456 --- [    Test worker] c.dhk.tutorial.web.HelloControllerTest   : The following profiles are active: oauth
2020-07-15 00:16:11.125  INFO 456 --- [    Test worker] o.s.s.concurrent.ThreadPoolTaskExecutor  : Initializing ExecutorService 'applicationTaskExecutor'
2020-07-15 00:16:11.153  INFO 456 --- [    Test worker] o.s.b.a.w.s.WelcomePageHandlerMapping    : Adding welcome page template: index
2020-07-15 00:16:11.363  INFO 456 --- [    Test worker] .s.s.UserDetailsServiceAutoConfiguration : 

Using generated security password: d7ed63b4-f75c-4ef5-9b42-d53ebc1f376a

2020-07-15 00:16:11.506  INFO 456 --- [    Test worker] o.s.s.web.DefaultSecurityFilterChain     : Creating filter chain: any request, [org.springframework.security.web.context.request.async.WebAsyncManagerIntegrationFilter@51ad6619, org.springframework.security.web.context.SecurityContextPersistenceFilter@7ae2977f, org.springframework.security.web.header.HeaderWriterFilter@6eb67363, org.springframework.security.web.csrf.CsrfFilter@1f9fb274, org.springframework.security.web.authentication.logout.LogoutFilter@3e5df910, org.springframework.security.web.authentication.UsernamePasswordAuthenticationFilter@ac066d3, org.springframework.security.web.authentication.ui.DefaultLoginPageGeneratingFilter@14a1ed10, org.springframework.security.web.authentication.ui.DefaultLogoutPageGeneratingFilter@23c986a7, org.springframework.security.web.authentication.www.BasicAuthenticationFilter@3ab8388e, org.springframework.security.web.savedrequest.RequestCacheAwareFilter@640168d, org.springframework.security.web.servletapi.SecurityContextHolderAwareRequestFilter@5bb0504d, org.springframework.security.web.authentication.AnonymousAuthenticationFilter@584eb618, org.springframework.security.web.session.SessionManagementFilter@c5860d3, org.springframework.security.web.access.ExceptionTranslationFilter@31d9a0fe, org.springframework.security.web.access.intercept.FilterSecurityInterceptor@224aadc1]
2020-07-15 00:16:11.519  INFO 456 --- [    Test worker] o.s.b.t.m.w.SpringBootMockServletContext : Initializing Spring TestDispatcherServlet ''
2020-07-15 00:16:11.520  INFO 456 --- [    Test worker] o.s.t.web.servlet.TestDispatcherServlet  : Initializing Servlet ''
2020-07-15 00:16:11.533  INFO 456 --- [    Test worker] o.s.t.web.servlet.TestDispatcherServlet  : Completed initialization in 13 ms
2020-07-15 00:16:11.567  INFO 456 --- [    Test worker] c.dhk.tutorial.web.HelloControllerTest   : Started HelloControllerTest in 1.036 seconds (JVM running for 16.703)
]]></system-out>
  <system-err><![CDATA[]]></system-err>
</testsuite>
