<?xml version="1.0" encoding="UTF-8"?>
<testsuite name="com.dhk.tutorial.web.dto.HelloResponseDtoTest" tests="1" skipped="0" failures="0" errors="0" timestamp="2020-07-14T15:16:10" hostname="LAPTOP-79S2IK6R" time="0.004">
  <properties/>
  <testcase name="롬복" classname="com.dhk.tutorial.web.dto.HelloResponseDtoTest" time="0.004"/>
  <system-out><![CDATA[]]></system-out>
  <system-err><![CDATA[]]></system-err>
</testsuite>
