<?xml version="1.0" encoding="UTF-8"?>
<testsuite name="com.dhk.tutorial.domain.PostRepositoryTest" tests="2" skipped="0" failures="0" errors="0" timestamp="2020-07-18T00:42:30" hostname="LAPTOP-79S2IK6R" time="0.619">
  <properties/>
  <testcase name="게시글저장_불러오기" classname="com.dhk.tutorial.domain.PostRepositoryTest" time="0.572"/>
  <testcase name="BaseTimeEntity_등록" classname="com.dhk.tutorial.domain.PostRepositoryTest" time="0.042"/>
  <system-out><![CDATA[09:42:09.824 [Test worker] DEBUG org.springframework.test.context.junit4.SpringJUnit4ClassRunner - SpringJUnit4ClassRunner constructor called with [class com.dhk.tutorial.domain.PostRepositoryTest]
09:42:09.874 [Test worker] DEBUG org.springframework.test.context.BootstrapUtils - Instantiating CacheAwareContextLoaderDelegate from class [org.springframework.test.context.cache.DefaultCacheAwareContextLoaderDelegate]
09:42:09.887 [Test worker] DEBUG org.springframework.test.context.BootstrapUtils - Instantiating BootstrapContext using constructor [public org.springframework.test.context.support.DefaultBootstrapContext(java.lang.Class,org.springframework.test.context.CacheAwareContextLoaderDelegate)]
09:42:09.920 [Test worker] DEBUG org.springframework.test.context.BootstrapUtils - Instantiating TestContextBootstrapper for test class [com.dhk.tutorial.domain.PostRepositoryTest] from class [org.springframework.boot.test.context.SpringBootTestContextBootstrapper]
09:42:09.941 [Test worker] INFO org.springframework.boot.test.context.SpringBootTestContextBootstrapper - Neither @ContextConfiguration nor @ContextHierarchy found for test class [com.dhk.tutorial.domain.PostRepositoryTest], using SpringBootContextLoader
09:42:09.948 [Test worker] DEBUG org.springframework.test.context.support.AbstractContextLoader - Did not detect default resource location for test class [com.dhk.tutorial.domain.PostRepositoryTest]: class path resource [com/dhk/tutorial/domain/PostRepositoryTest-context.xml] does not exist
09:42:09.949 [Test worker] DEBUG org.springframework.test.context.support.AbstractContextLoader - Did not detect default resource location for test class [com.dhk.tutorial.domain.PostRepositoryTest]: class path resource [com/dhk/tutorial/domain/PostRepositoryTestContext.groovy] does not exist
09:42:09.949 [Test worker] INFO org.springframework.test.context.support.AbstractContextLoader - Could not detect default resource locations for test class [com.dhk.tutorial.domain.PostRepositoryTest]: no resource found for suffixes {-context.xml, Context.groovy}.
09:42:09.950 [Test worker] INFO org.springframework.test.context.support.AnnotationConfigContextLoaderUtils - Could not detect default configuration classes for test class [com.dhk.tutorial.domain.PostRepositoryTest]: PostRepositoryTest does not declare any static, non-private, non-final, nested classes annotated with @Configuration.
09:42:10.046 [Test worker] DEBUG org.springframework.test.context.support.ActiveProfilesUtils - Could not find an 'annotation declaring class' for annotation type [org.springframework.test.context.ActiveProfiles] and class [com.dhk.tutorial.domain.PostRepositoryTest]
09:42:10.259 [Test worker] DEBUG org.springframework.context.annotation.ClassPathScanningCandidateComponentProvider - Identified candidate component class: file [D:\springboot-webservice2\build\classes\java\main\com\dhk\tutorial\Application.class]
09:42:10.262 [Test worker] INFO org.springframework.boot.test.context.SpringBootTestContextBootstrapper - Found @SpringBootConfiguration com.dhk.tutorial.Application for test class com.dhk.tutorial.domain.PostRepositoryTest
09:42:10.425 [Test worker] DEBUG org.springframework.boot.test.context.SpringBootTestContextBootstrapper - @TestExecutionListeners is not present for class [com.dhk.tutorial.domain.PostRepositoryTest]: using defaults.
09:42:10.426 [Test worker] INFO org.springframework.boot.test.context.SpringBootTestContextBootstrapper - Loaded default TestExecutionListener class names from location [META-INF/spring.factories]: [org.springframework.security.test.context.support.WithSecurityContextTestExecutionListener, org.springframework.security.test.context.support.ReactorContextTestExecutionListener, org.springframework.boot.test.autoconfigure.restdocs.RestDocsTestExecutionListener, org.springframework.boot.test.autoconfigure.web.client.MockRestServiceServerResetTestExecutionListener, org.springframework.boot.test.autoconfigure.web.servlet.MockMvcPrintOnlyOnFailureTestExecutionListener, org.springframework.boot.test.autoconfigure.web.servlet.WebDriverTestExecutionListener, org.springframework.boot.test.mock.mockito.MockitoTestExecutionListener, org.springframework.boot.test.mock.mockito.ResetMocksTestExecutionListener, org.springframework.test.context.web.ServletTestExecutionListener, org.springframework.test.context.support.DirtiesContextBeforeModesTestExecutionListener, org.springframework.test.context.support.DependencyInjectionTestExecutionListener, org.springframework.test.context.support.DirtiesContextTestExecutionListener, org.springframework.test.context.transaction.TransactionalTestExecutionListener, org.springframework.test.context.jdbc.SqlScriptsTestExecutionListener]
09:42:10.470 [Test worker] INFO org.springframework.boot.test.context.SpringBootTestContextBootstrapper - Using TestExecutionListeners: [org.springframework.test.context.web.ServletTestExecutionListener@255c5588, org.springframework.test.context.support.DirtiesContextBeforeModesTestExecutionListener@683590ae, org.springframework.boot.test.mock.mockito.MockitoTestExecutionListener@6a01e944, org.springframework.boot.test.autoconfigure.SpringBootDependencyInjectionTestExecutionListener@3215358c, org.springframework.test.context.support.DirtiesContextTestExecutionListener@7522d653, org.springframework.test.context.transaction.TransactionalTestExecutionListener@315698b9, org.springframework.test.context.jdbc.SqlScriptsTestExecutionListener@54781c1e, org.springframework.security.test.context.support.WithSecurityContextTestExecutionListener@4f5afa48, org.springframework.security.test.context.support.ReactorContextTestExecutionListener@2c293dbe, org.springframework.boot.test.autoconfigure.restdocs.RestDocsTestExecutionListener@293ffbd2, org.springframework.boot.test.autoconfigure.web.client.MockRestServiceServerResetTestExecutionListener@3d339a07, org.springframework.boot.test.autoconfigure.web.servlet.MockMvcPrintOnlyOnFailureTestExecutionListener@25a3af53, org.springframework.boot.test.autoconfigure.web.servlet.WebDriverTestExecutionListener@4002a294, org.springframework.boot.test.mock.mockito.ResetMocksTestExecutionListener@16b5202d]
09:42:10.475 [Test worker] DEBUG org.springframework.test.annotation.ProfileValueUtils - Retrieved @ProfileValueSourceConfiguration [null] for test class [com.dhk.tutorial.domain.PostRepositoryTest]
09:42:10.476 [Test worker] DEBUG org.springframework.test.annotation.ProfileValueUtils - Retrieved ProfileValueSource type [class org.springframework.test.annotation.SystemProfileValueSource] for class [com.dhk.tutorial.domain.PostRepositoryTest]
09:42:10.480 [Test worker] DEBUG org.springframework.test.annotation.ProfileValueUtils - Retrieved @ProfileValueSourceConfiguration [null] for test class [com.dhk.tutorial.domain.PostRepositoryTest]
09:42:10.481 [Test worker] DEBUG org.springframework.test.annotation.ProfileValueUtils - Retrieved ProfileValueSource type [class org.springframework.test.annotation.SystemProfileValueSource] for class [com.dhk.tutorial.domain.PostRepositoryTest]
09:42:10.482 [Test worker] DEBUG org.springframework.test.annotation.ProfileValueUtils - Retrieved @ProfileValueSourceConfiguration [null] for test class [com.dhk.tutorial.domain.PostRepositoryTest]
09:42:10.482 [Test worker] DEBUG org.springframework.test.annotation.ProfileValueUtils - Retrieved ProfileValueSource type [class org.springframework.test.annotation.SystemProfileValueSource] for class [com.dhk.tutorial.domain.PostRepositoryTest]
09:42:10.487 [Test worker] DEBUG org.springframework.test.context.support.AbstractDirtiesContextTestExecutionListener - Before test class: context [DefaultTestContext@37d2a98b testClass = PostRepositoryTest, testInstance = [null], testMethod = [null], testException = [null], mergedContextConfiguration = [WebMergedContextConfiguration@bf366ff testClass = PostRepositoryTest, locations = '{}', classes = '{class com.dhk.tutorial.Application}', contextInitializerClasses = '[]', activeProfiles = '{}', propertySourceLocations = '{}', propertySourceProperties = '{org.springframework.boot.test.context.SpringBootTestContextBootstrapper=true}', contextCustomizers = set[org.springframework.boot.test.autoconfigure.properties.PropertyMappingContextCustomizer@0, org.springframework.boot.test.autoconfigure.web.servlet.WebDriverContextCustomizerFactory$Customizer@627accdf, org.springframework.boot.test.context.filter.ExcludeFilterContextCustomizer@48344bed, org.springframework.boot.test.json.DuplicateJsonObjectContextCustomizerFactory$DuplicateJsonObjectContextCustomizer@67c7ffba, org.springframework.boot.test.mock.mockito.MockitoContextCustomizer@0, org.springframework.boot.test.web.client.TestRestTemplateContextCustomizer@751a521d], resourceBasePath = 'src/main/webapp', contextLoader = 'org.springframework.boot.test.context.SpringBootContextLoader', parent = [null]], attributes = map['org.springframework.test.context.web.ServletTestExecutionListener.activateListener' -> true]], class annotated with @DirtiesContext [false] with mode [null].
09:42:10.488 [Test worker] DEBUG org.springframework.test.annotation.ProfileValueUtils - Retrieved @ProfileValueSourceConfiguration [null] for test class [com.dhk.tutorial.domain.PostRepositoryTest]
09:42:10.489 [Test worker] DEBUG org.springframework.test.annotation.ProfileValueUtils - Retrieved ProfileValueSource type [class org.springframework.test.annotation.SystemProfileValueSource] for class [com.dhk.tutorial.domain.PostRepositoryTest]
09:42:10.572 [Test worker] DEBUG org.springframework.test.context.support.TestPropertySourceUtils - Adding inlined properties to environment: {spring.jmx.enabled=false, org.springframework.boot.test.context.SpringBootTestContextBootstrapper=true, server.port=-1}

  .   ____          _            __ _ _
 /\\ / ___'_ __ _ _(_)_ __  __ _ \ \ \ \
( ( )\___ | '_ | '_| | '_ \/ _` | \ \ \ \
 \\/  ___)| |_)| | | | | || (_| |  ) ) ) )
  '  |____| .__|_| |_|_| |_\__, | / / / /
 =========|_|==============|___/=/_/_/_/
 :: Spring Boot ::        (v2.1.7.RELEASE)

2020-07-18 09:42:11.227  INFO 12340 --- [    Test worker] c.d.tutorial.domain.PostRepositoryTest   : Starting PostRepositoryTest on LAPTOP-79S2IK6R with PID 12340 (started by bkuek in D:\springboot-webservice2)
2020-07-18 09:42:11.231  INFO 12340 --- [    Test worker] c.d.tutorial.domain.PostRepositoryTest   : The following profiles are active: oauth
2020-07-18 09:42:22.418  INFO 12340 --- [    Test worker] .s.d.r.c.RepositoryConfigurationDelegate : Bootstrapping Spring Data repositories in DEFAULT mode.
2020-07-18 09:42:22.553  INFO 12340 --- [    Test worker] .s.d.r.c.RepositoryConfigurationDelegate : Finished Spring Data repository scanning in 115ms. Found 2 repository interfaces.
2020-07-18 09:42:23.655  INFO 12340 --- [    Test worker] trationDelegate$BeanPostProcessorChecker : Bean 'org.springframework.transaction.annotation.ProxyTransactionManagementConfiguration' of type [org.springframework.transaction.annotation.ProxyTransactionManagementConfiguration$$EnhancerBySpringCGLIB$$cdb4d9d9] is not eligible for getting processed by all BeanPostProcessors (for example: not eligible for auto-proxying)
2020-07-18 09:42:24.003  INFO 12340 --- [    Test worker] com.zaxxer.hikari.HikariDataSource       : HikariPool-1 - Starting...
2020-07-18 09:42:24.232  INFO 12340 --- [    Test worker] com.zaxxer.hikari.HikariDataSource       : HikariPool-1 - Start completed.
2020-07-18 09:42:24.434  INFO 12340 --- [    Test worker] o.hibernate.jpa.internal.util.LogHelper  : HHH000204: Processing PersistenceUnitInfo [
	name: default
	...]
2020-07-18 09:42:24.621  INFO 12340 --- [    Test worker] org.hibernate.Version                    : HHH000412: Hibernate Core {5.3.10.Final}
2020-07-18 09:42:24.624  INFO 12340 --- [    Test worker] org.hibernate.cfg.Environment            : HHH000206: hibernate.properties not found
2020-07-18 09:42:24.868  INFO 12340 --- [    Test worker] o.hibernate.annotations.common.Version   : HCANN000001: Hibernate Commons Annotations {5.0.4.Final}
2020-07-18 09:42:25.608  INFO 12340 --- [    Test worker] org.hibernate.dialect.Dialect            : HHH000400: Using dialect: org.hibernate.dialect.MySQL5InnoDBDialect
Hibernate: drop table if exists posts
Hibernate: drop table if exists user
Hibernate: create table posts (id bigint not null auto_increment, created_date datetime, modified_date datetime, author varchar(255), content TEXT not null, title varchar(500) not null, primary key (id)) engine=InnoDB
Hibernate: create table user (id bigint not null auto_increment, email varchar(255) not null, name varchar(255) not null, picture varchar(255), roles varchar(255), primary key (id)) engine=InnoDB
2020-07-18 09:42:26.697  INFO 12340 --- [    Test worker] o.h.t.schema.internal.SchemaCreatorImpl  : HHH000476: Executing import script 'org.hibernate.tool.schema.internal.exec.ScriptSourceInputNonExistentImpl@77a9c534'
2020-07-18 09:42:26.701  INFO 12340 --- [    Test worker] j.LocalContainerEntityManagerFactoryBean : Initialized JPA EntityManagerFactory for persistence unit 'default'
2020-07-18 09:42:27.692  INFO 12340 --- [    Test worker] o.h.h.i.QueryTranslatorFactoryInitiator  : HHH000397: Using ASTQueryTranslatorFactory
2020-07-18 09:42:28.443  INFO 12340 --- [    Test worker] o.s.s.web.DefaultSecurityFilterChain     : Creating filter chain: any request, [org.springframework.security.web.context.request.async.WebAsyncManagerIntegrationFilter@2dbb8bd8, org.springframework.security.web.context.SecurityContextPersistenceFilter@7abb2d4f, org.springframework.security.web.header.HeaderWriterFilter@3e67b7bf, org.springframework.security.web.authentication.logout.LogoutFilter@6a1bb7db, org.springframework.security.oauth2.client.web.OAuth2AuthorizationRequestRedirectFilter@2f147edd, org.springframework.security.oauth2.client.web.OAuth2LoginAuthenticationFilter@fa8152b, org.springframework.security.web.authentication.ui.DefaultLoginPageGeneratingFilter@1b8b1240, org.springframework.security.web.authentication.ui.DefaultLogoutPageGeneratingFilter@3f4118c, org.springframework.security.web.savedrequest.RequestCacheAwareFilter@439ee7a3, org.springframework.security.web.servletapi.SecurityContextHolderAwareRequestFilter@77b6b3eb, org.springframework.security.web.authentication.AnonymousAuthenticationFilter@59a43906, org.springframework.security.web.session.SessionManagementFilter@14153eb9, org.springframework.security.web.access.ExceptionTranslationFilter@4c12ad20, org.springframework.security.web.access.intercept.FilterSecurityInterceptor@4ca8abc]
2020-07-18 09:42:29.355  INFO 12340 --- [    Test worker] o.s.s.concurrent.ThreadPoolTaskExecutor  : Initializing ExecutorService 'applicationTaskExecutor'
2020-07-18 09:42:29.427  WARN 12340 --- [    Test worker] aWebConfiguration$JpaWebMvcConfiguration : spring.jpa.open-in-view is enabled by default. Therefore, database queries may be performed during view rendering. Explicitly configure spring.jpa.open-in-view to disable this warning
2020-07-18 09:42:29.504  INFO 12340 --- [    Test worker] o.s.b.a.w.s.WelcomePageHandlerMapping    : Adding welcome page template: index
2020-07-18 09:42:30.546  INFO 12340 --- [    Test worker] s.a.ScheduledAnnotationBeanPostProcessor : No TaskScheduler/ScheduledExecutorService bean found for scheduled processing
2020-07-18 09:42:30.568  INFO 12340 --- [    Test worker] c.d.tutorial.domain.PostRepositoryTest   : Started PostRepositoryTest in 19.94 seconds (JVM running for 23.894)
Hibernate: insert into posts (created_date, modified_date, author, content, title) values (?, ?, ?, ?, ?)
Hibernate: select posts0_.id as id1_0_, posts0_.created_date as created_2_0_, posts0_.modified_date as modified3_0_, posts0_.author as author4_0_, posts0_.content as content5_0_, posts0_.title as title6_0_ from posts posts0_
Hibernate: select posts0_.id as id1_0_, posts0_.created_date as created_2_0_, posts0_.modified_date as modified3_0_, posts0_.author as author4_0_, posts0_.content as content5_0_, posts0_.title as title6_0_ from posts posts0_
Hibernate: delete from posts where id=?
Hibernate: insert into posts (created_date, modified_date, author, content, title) values (?, ?, ?, ?, ?)
Hibernate: select posts0_.id as id1_0_, posts0_.created_date as created_2_0_, posts0_.modified_date as modified3_0_, posts0_.author as author4_0_, posts0_.content as content5_0_, posts0_.title as title6_0_ from posts posts0_
>>>>>> createDate=2020-07-18T09:42:31.225739, modifiedDate=2020-07-18T09:42:31.225739
Hibernate: select posts0_.id as id1_0_, posts0_.created_date as created_2_0_, posts0_.modified_date as modified3_0_, posts0_.author as author4_0_, posts0_.content as content5_0_, posts0_.title as title6_0_ from posts posts0_
Hibernate: delete from posts where id=?
]]></system-out>
  <system-err><![CDATA[]]></system-err>
</testsuite>
